<?xml version="1.0" encoding="UTF-8"?>
<!-- Generated by org.testng.reporters.JUnitReportReporter -->
<testsuite hostname="LAPTOP-NOVJUDVT" failures="0" tests="1" name="com.saucedemo.testscripts.TestRunner" time="4.132" errors="0" timestamp="2023-04-06T21:47:38 EDT" skipped="0">
  <testcase classname="com.saucedemo.testscripts.TestRunner" name="runScenario" time="4.132"/>
  <system-out/>
</testsuite> <!-- com.saucedemo.testscripts.TestRunner -->
