<?xml version="1.0" encoding="UTF-8"?>
<!-- Generated by org.testng.reporters.JUnitReportReporter -->
<testsuite hostname="LAPTOP-NOVJUDVT" failures="0" tests="1" name="com.saucedemo.testcripts.TestRunner" time="3.652" errors="0" timestamp="2023-04-04T07:08:12 EDT" skipped="0">
  <testcase classname="com.saucedemo.testcripts.TestRunner" name="runScenario" time="3.652"/>
  <system-out/>
</testsuite> <!-- com.saucedemo.testcripts.TestRunner -->
