<?xml version="1.0" encoding="UTF-8"?>
<!-- Generated by org.testng.reporters.JUnitReportReporter -->
<testsuite hostname="LAPTOP-NOVJUDVT" failures="0" tests="1" name="com.saucedemo.testscripts.Scenario_Two" time="0.422" errors="0" timestamp="2023-04-04T15:07:03 EDT" skipped="0">
  <testcase classname="com.saucedemo.testscripts.Scenario_Two" name="Scenario2" time="0.422"/>
  <system-out/>
</testsuite> <!-- com.saucedemo.testscripts.Scenario_Two -->
