<?xml version="1.0" encoding="UTF-8"?>
<!-- Generated by org.testng.reporters.JUnitReportReporter -->
<testsuite hostname="LAPTOP-NOVJUDVT" failures="0" tests="1" name="com.saucedemo.testscripts.Scenario2" time="0.275" errors="0" timestamp="2023-04-04T08:17:09 EDT" skipped="0">
  <testcase classname="com.saucedemo.testscripts.Scenario2" name="Scenario2" time="0.275"/>
  <system-out/>
</testsuite> <!-- com.saucedemo.testscripts.Scenario2 -->
