<?xml version="1.0" encoding="UTF-8"?>
<!-- Generated by org.testng.reporters.JUnitReportReporter -->
<testsuite hostname="LAPTOP-NOVJUDVT" failures="0" tests="1" name="com.saucedemo.testscripts.FifthScenarioTest" time="1.032" errors="0" timestamp="2023-04-05T23:29:07 EDT" skipped="0">
  <testcase classname="com.saucedemo.testscripts.FifthScenarioTest" name="FifthscenarioTest" time="1.032"/>
  <system-out/>
</testsuite> <!-- com.saucedemo.testscripts.FifthScenarioTest -->
