<?xml version="1.0" encoding="UTF-8"?>
<!-- Generated by org.testng.reporters.JUnitReportReporter -->
<testsuite hostname="LAPTOP-NOVJUDVT" failures="0" tests="1" name="com.saucedemo.testscripts.BuyProductTest" time="0.900" errors="0" timestamp="2023-04-05T23:30:05 EDT" skipped="0">
  <testcase classname="com.saucedemo.testscripts.BuyProductTest" name="buyProduct" time="0.900"/>
  <system-out/>
</testsuite> <!-- com.saucedemo.testscripts.BuyProductTest -->
