<?xml version="1.0" encoding="UTF-8"?>
<!-- Generated by org.testng.reporters.JUnitReportReporter -->
<testsuite hostname="LAPTOP-NOVJUDVT" failures="0" tests="1" name="com.saucedemo.testscripts.FourthScenarioTest" time="0.886" errors="0" timestamp="2023-04-05T22:33:14 EDT" skipped="0">
  <testcase classname="com.saucedemo.testscripts.FourthScenarioTest" name="ForthScenarioTest" time="0.886"/>
  <system-out/>
</testsuite> <!-- com.saucedemo.testscripts.FourthScenarioTest -->
